2024-04-22T09:31:07.210+05:30  INFO 16168 --- [ibm-clinic-eureka-server] [main] com.ibm.server.App                       : Starting App v0.0.1-SNAPSHOT using Java 17.0.6 with PID 16168 (D:\VamanPro\Codes\ibm-3-apr-2024\sts-ibm-ws\clinic-management-apps\final-executable-jars\00-eureka-server.jar started by DELL in D:\VamanPro\Codes\ibm-3-apr-2024\sts-ibm-ws\clinic-management-apps\final-executable-jars)
2024-04-22T09:31:07.214+05:30  INFO 16168 --- [ibm-clinic-eureka-server] [main] com.ibm.server.App                       : No active profile set, falling back to 1 default profile: "default"
2024-04-22T09:31:09.187+05:30  INFO 16168 --- [ibm-clinic-eureka-server] [main] o.s.cloud.context.scope.GenericScope     : BeanFactory id=c3010f8d-7b88-35b5-a245-5e4478e3376a
2024-04-22T09:31:09.255+05:30  WARN 16168 --- [ibm-clinic-eureka-server] [main] trationDelegate$BeanPostProcessorChecker : Bean 'org.springframework.cloud.client.loadbalancer.LoadBalancerAutoConfiguration$LoadBalancerInterceptorConfig' of type [org.springframework.cloud.client.loadbalancer.LoadBalancerAutoConfiguration$LoadBalancerInterceptorConfig] is not eligible for getting processed by all BeanPostProcessors (for example: not eligible for auto-proxying). The currently created BeanPostProcessor [lbRestClientPostProcessor] is declared through a non-static factory method on that class; consider declaring it as static instead.
2024-04-22T09:31:09.257+05:30  WARN 16168 --- [ibm-clinic-eureka-server] [main] trationDelegate$BeanPostProcessorChecker : Bean 'org.springframework.cloud.loadbalancer.config.BlockingLoadBalancerClientAutoConfiguration' of type [org.springframework.cloud.loadbalancer.config.BlockingLoadBalancerClientAutoConfiguration] is not eligible for getting processed by all BeanPostProcessors (for example: not eligible for auto-proxying). Is this bean getting eagerly injected into a currently created BeanPostProcessor [lbRestClientPostProcessor]? Check the corresponding BeanPostProcessor declaration and its dependencies.
2024-04-22T09:31:09.259+05:30  WARN 16168 --- [ibm-clinic-eureka-server] [main] trationDelegate$BeanPostProcessorChecker : Bean 'org.springframework.cloud.loadbalancer.config.LoadBalancerAutoConfiguration' of type [org.springframework.cloud.loadbalancer.config.LoadBalancerAutoConfiguration] is not eligible for getting processed by all BeanPostProcessors (for example: not eligible for auto-proxying). Is this bean getting eagerly injected into a currently created BeanPostProcessor [lbRestClientPostProcessor]? Check the corresponding BeanPostProcessor declaration and its dependencies.
2024-04-22T09:31:09.273+05:30  WARN 16168 --- [ibm-clinic-eureka-server] [main] trationDelegate$BeanPostProcessorChecker : Bean 'org.springframework.cloud.commons.config.CommonsConfigAutoConfiguration' of type [org.springframework.cloud.commons.config.CommonsConfigAutoConfiguration] is not eligible for getting processed by all BeanPostProcessors (for example: not eligible for auto-proxying). Is this bean getting eagerly injected into a currently created BeanPostProcessor [lbRestClientPostProcessor]? Check the corresponding BeanPostProcessor declaration and its dependencies.
2024-04-22T09:31:09.283+05:30  WARN 16168 --- [ibm-clinic-eureka-server] [main] trationDelegate$BeanPostProcessorChecker : Bean 'org.springframework.cloud.client.loadbalancer.LoadBalancerDefaultMappingsProviderAutoConfiguration' of type [org.springframework.cloud.client.loadbalancer.LoadBalancerDefaultMappingsProviderAutoConfiguration] is not eligible for getting processed by all BeanPostProcessors (for example: not eligible for auto-proxying). Is this bean getting eagerly injected into a currently created BeanPostProcessor [lbRestClientPostProcessor]? Check the corresponding BeanPostProcessor declaration and its dependencies.
2024-04-22T09:31:09.285+05:30  WARN 16168 --- [ibm-clinic-eureka-server] [main] trationDelegate$BeanPostProcessorChecker : Bean 'loadBalancerClientsDefaultsMappingsProvider' of type [org.springframework.cloud.client.loadbalancer.LoadBalancerDefaultMappingsProviderAutoConfiguration$$Lambda$470/0x0000000800f159f0] is not eligible for getting processed by all BeanPostProcessors (for example: not eligible for auto-proxying). Is this bean getting eagerly injected into a currently created BeanPostProcessor [lbRestClientPostProcessor]? Check the corresponding BeanPostProcessor declaration and its dependencies.
2024-04-22T09:31:09.290+05:30  WARN 16168 --- [ibm-clinic-eureka-server] [main] trationDelegate$BeanPostProcessorChecker : Bean 'defaultsBindHandlerAdvisor' of type [org.springframework.cloud.commons.config.DefaultsBindHandlerAdvisor] is not eligible for getting processed by all BeanPostProcessors (for example: not eligible for auto-proxying). Is this bean getting eagerly injected into a currently created BeanPostProcessor [lbRestClientPostProcessor]? Check the corresponding BeanPostProcessor declaration and its dependencies.
2024-04-22T09:31:09.306+05:30  WARN 16168 --- [ibm-clinic-eureka-server] [main] trationDelegate$BeanPostProcessorChecker : Bean 'spring.cloud.loadbalancer-org.springframework.cloud.client.loadbalancer.LoadBalancerClientsProperties' of type [org.springframework.cloud.client.loadbalancer.LoadBalancerClientsProperties] is not eligible for getting processed by all BeanPostProcessors (for example: not eligible for auto-proxying). Is this bean getting eagerly injected into a currently created BeanPostProcessor [lbRestClientPostProcessor]? Check the corresponding BeanPostProcessor declaration and its dependencies.
2024-04-22T09:31:09.317+05:30  WARN 16168 --- [ibm-clinic-eureka-server] [main] trationDelegate$BeanPostProcessorChecker : Bean 'default.org.springframework.cloud.loadbalancer.config.LoadBalancerAutoConfiguration.LoadBalancerClientSpecification' of type [org.springframework.cloud.loadbalancer.annotation.LoadBalancerClientSpecification] is not eligible for getting processed by all BeanPostProcessors (for example: not eligible for auto-proxying). Is this bean getting eagerly injected into a currently created BeanPostProcessor [lbRestClientPostProcessor]? Check the corresponding BeanPostProcessor declaration and its dependencies.
2024-04-22T09:31:09.319+05:30  WARN 16168 --- [ibm-clinic-eureka-server] [main] trationDelegate$BeanPostProcessorChecker : Bean 'default.org.springframework.cloud.loadbalancer.config.BlockingLoadBalancerClientAutoConfiguration.LoadBalancerClientSpecification' of type [org.springframework.cloud.loadbalancer.annotation.LoadBalancerClientSpecification] is not eligible for getting processed by all BeanPostProcessors (for example: not eligible for auto-proxying). Is this bean getting eagerly injected into a currently created BeanPostProcessor [lbRestClientPostProcessor]? Check the corresponding BeanPostProcessor declaration and its dependencies.
2024-04-22T09:31:09.321+05:30  WARN 16168 --- [ibm-clinic-eureka-server] [main] trationDelegate$BeanPostProcessorChecker : Bean 'default.org.springframework.cloud.netflix.eureka.loadbalancer.LoadBalancerEurekaAutoConfiguration.LoadBalancerClientSpecification' of type [org.springframework.cloud.loadbalancer.annotation.LoadBalancerClientSpecification] is not eligible for getting processed by all BeanPostProcessors (for example: not eligible for auto-proxying). Is this bean getting eagerly injected into a currently created BeanPostProcessor [lbRestClientPostProcessor]? Check the corresponding BeanPostProcessor declaration and its dependencies.
2024-04-22T09:31:09.324+05:30  WARN 16168 --- [ibm-clinic-eureka-server] [main] trationDelegate$BeanPostProcessorChecker : Bean 'loadBalancerClientFactory' of type [org.springframework.cloud.loadbalancer.support.LoadBalancerClientFactory] is not eligible for getting processed by all BeanPostProcessors (for example: not eligible for auto-proxying). Is this bean getting eagerly injected into a currently created BeanPostProcessor [lbRestClientPostProcessor]? Check the corresponding BeanPostProcessor declaration and its dependencies.
2024-04-22T09:31:09.327+05:30  WARN 16168 --- [ibm-clinic-eureka-server] [main] trationDelegate$BeanPostProcessorChecker : Bean 'blockingLoadBalancerClient' of type [org.springframework.cloud.loadbalancer.blocking.client.BlockingLoadBalancerClient] is not eligible for getting processed by all BeanPostProcessors (for example: not eligible for auto-proxying). Is this bean getting eagerly injected into a currently created BeanPostProcessor [lbRestClientPostProcessor]? Check the corresponding BeanPostProcessor declaration and its dependencies.
2024-04-22T09:31:09.342+05:30  WARN 16168 --- [ibm-clinic-eureka-server] [main] trationDelegate$BeanPostProcessorChecker : Bean 'loadBalancerServiceInstanceCookieTransformer' of type [org.springframework.cloud.loadbalancer.core.LoadBalancerServiceInstanceCookieTransformer] is not eligible for getting processed by all BeanPostProcessors (for example: not eligible for auto-proxying). Is this bean getting eagerly injected into a currently created BeanPostProcessor [lbRestClientPostProcessor]? Check the corresponding BeanPostProcessor declaration and its dependencies.
2024-04-22T09:31:09.344+05:30  WARN 16168 --- [ibm-clinic-eureka-server] [main] trationDelegate$BeanPostProcessorChecker : Bean 'xForwarderHeadersTransformer' of type [org.springframework.cloud.loadbalancer.blocking.XForwardedHeadersTransformer] is not eligible for getting processed by all BeanPostProcessors (for example: not eligible for auto-proxying). Is this bean getting eagerly injected into a currently created BeanPostProcessor [lbRestClientPostProcessor]? Check the corresponding BeanPostProcessor declaration and its dependencies.
2024-04-22T09:31:09.347+05:30  WARN 16168 --- [ibm-clinic-eureka-server] [main] trationDelegate$BeanPostProcessorChecker : Bean 'org.springframework.cloud.client.loadbalancer.LoadBalancerAutoConfiguration' of type [org.springframework.cloud.client.loadbalancer.LoadBalancerAutoConfiguration] is not eligible for getting processed by all BeanPostProcessors (for example: not eligible for auto-proxying). Is this bean getting eagerly injected into a currently created BeanPostProcessor [lbRestClientPostProcessor]? Check the corresponding BeanPostProcessor declaration and its dependencies.
2024-04-22T09:31:09.352+05:30  WARN 16168 --- [ibm-clinic-eureka-server] [main] trationDelegate$BeanPostProcessorChecker : Bean 'loadBalancerRequestFactory' of type [org.springframework.cloud.client.loadbalancer.LoadBalancerRequestFactory] is not eligible for getting processed by all BeanPostProcessors (for example: not eligible for auto-proxying). Is this bean getting eagerly injected into a currently created BeanPostProcessor [lbRestClientPostProcessor]? Check the corresponding BeanPostProcessor declaration and its dependencies.
2024-04-22T09:31:09.356+05:30  WARN 16168 --- [ibm-clinic-eureka-server] [main] trationDelegate$BeanPostProcessorChecker : Bean 'loadBalancerInterceptor' of type [org.springframework.cloud.client.loadbalancer.LoadBalancerInterceptor] is not eligible for getting processed by all BeanPostProcessors (for example: not eligible for auto-proxying). Is this bean getting eagerly injected into a currently created BeanPostProcessor [lbRestClientPostProcessor]? Check the corresponding BeanPostProcessor declaration and its dependencies.
2024-04-22T09:31:09.782+05:30  INFO 16168 --- [ibm-clinic-eureka-server] [main] o.s.b.w.embedded.tomcat.TomcatWebServer  : Tomcat initialized with port 8761 (http)
2024-04-22T09:31:09.800+05:30  INFO 16168 --- [ibm-clinic-eureka-server] [main] o.apache.catalina.core.StandardService   : Starting service [Tomcat]
2024-04-22T09:31:09.800+05:30  INFO 16168 --- [ibm-clinic-eureka-server] [main] o.apache.catalina.core.StandardEngine    : Starting Servlet engine: [Apache Tomcat/10.1.19]
2024-04-22T09:31:09.863+05:30  INFO 16168 --- [ibm-clinic-eureka-server] [main] o.a.c.c.C.[Tomcat].[localhost].[/]       : Initializing Spring embedded WebApplicationContext
2024-04-22T09:31:09.864+05:30  INFO 16168 --- [ibm-clinic-eureka-server] [main] w.s.c.ServletWebServerApplicationContext : Root WebApplicationContext: initialization completed in 2450 ms
2024-04-22T09:31:11.609+05:30  INFO 16168 --- [ibm-clinic-eureka-server] [main] c.n.d.provider.DiscoveryJerseyProvider   : Using JSON encoding codec LegacyJacksonJson
2024-04-22T09:31:11.612+05:30  INFO 16168 --- [ibm-clinic-eureka-server] [main] c.n.d.provider.DiscoveryJerseyProvider   : Using JSON decoding codec LegacyJacksonJson
2024-04-22T09:31:11.852+05:30  INFO 16168 --- [ibm-clinic-eureka-server] [main] c.n.d.provider.DiscoveryJerseyProvider   : Using XML encoding codec XStreamXml
2024-04-22T09:31:11.853+05:30  INFO 16168 --- [ibm-clinic-eureka-server] [main] c.n.d.provider.DiscoveryJerseyProvider   : Using XML decoding codec XStreamXml
2024-04-22T09:31:13.383+05:30  WARN 16168 --- [ibm-clinic-eureka-server] [main] iguration$LoadBalancerCaffeineWarnLogger : Spring Cloud LoadBalancer is currently working with the default cache. While this cache implementation is useful for development and tests, it's recommended to use Caffeine cache in production.You can switch to using Caffeine cache, by adding it and org.springframework.cache.caffeine.CaffeineCacheManager to the classpath.
2024-04-22T09:31:13.405+05:30  INFO 16168 --- [ibm-clinic-eureka-server] [main] o.s.c.n.eureka.InstanceInfoFactory       : Setting initial instance status as: STARTING
2024-04-22T09:31:13.443+05:30  INFO 16168 --- [ibm-clinic-eureka-server] [main] com.netflix.discovery.DiscoveryClient    : Initializing Eureka in region us-east-1
2024-04-22T09:31:13.443+05:30  INFO 16168 --- [ibm-clinic-eureka-server] [main] com.netflix.discovery.DiscoveryClient    : Client configured to neither register nor query for data.
2024-04-22T09:31:13.458+05:30  INFO 16168 --- [ibm-clinic-eureka-server] [main] com.netflix.discovery.DiscoveryClient    : Discovery Client initialized at timestamp 1713758473457 with initial instances count: 0
2024-04-22T09:31:13.523+05:30  INFO 16168 --- [ibm-clinic-eureka-server] [main] c.n.eureka.DefaultEurekaServerContext    : Initializing ...
2024-04-22T09:31:13.526+05:30  INFO 16168 --- [ibm-clinic-eureka-server] [main] c.n.eureka.cluster.PeerEurekaNodes       : Adding new peer nodes [http://localhost:8761/eureka/]
2024-04-22T09:31:13.756+05:30  INFO 16168 --- [ibm-clinic-eureka-server] [main] c.n.d.provider.DiscoveryJerseyProvider   : Using JSON encoding codec LegacyJacksonJson
2024-04-22T09:31:13.757+05:30  INFO 16168 --- [ibm-clinic-eureka-server] [main] c.n.d.provider.DiscoveryJerseyProvider   : Using JSON decoding codec LegacyJacksonJson
2024-04-22T09:31:13.758+05:30  INFO 16168 --- [ibm-clinic-eureka-server] [main] c.n.d.provider.DiscoveryJerseyProvider   : Using XML encoding codec XStreamXml
2024-04-22T09:31:13.759+05:30  INFO 16168 --- [ibm-clinic-eureka-server] [main] c.n.d.provider.DiscoveryJerseyProvider   : Using XML decoding codec XStreamXml
2024-04-22T09:31:13.904+05:30  INFO 16168 --- [ibm-clinic-eureka-server] [main] c.n.eureka.cluster.PeerEurekaNodes       : Replica node URL:  http://localhost:8761/eureka/
2024-04-22T09:31:13.914+05:30  INFO 16168 --- [ibm-clinic-eureka-server] [main] c.n.e.registry.AbstractInstanceRegistry  : Finished initializing remote region registries. All known remote regions: []
2024-04-22T09:31:13.915+05:30  INFO 16168 --- [ibm-clinic-eureka-server] [main] c.n.eureka.DefaultEurekaServerContext    : Initialized
2024-04-22T09:31:13.927+05:30  INFO 16168 --- [ibm-clinic-eureka-server] [main] o.s.b.a.e.web.EndpointLinksResolver      : Exposing 1 endpoint(s) beneath base path '/actuator'
2024-04-22T09:31:14.027+05:30  INFO 16168 --- [ibm-clinic-eureka-server] [main] o.s.c.n.e.s.EurekaServiceRegistry        : Registering application IBM-CLINIC-EUREKA-SERVER with eureka with status UP
2024-04-22T09:31:14.060+05:30  INFO 16168 --- [ibm-clinic-eureka-server] [Thread-9] o.s.c.n.e.server.EurekaServerBootstrap   : isAws returned false
2024-04-22T09:31:14.062+05:30  INFO 16168 --- [ibm-clinic-eureka-server] [Thread-9] o.s.c.n.e.server.EurekaServerBootstrap   : Initialized server context
2024-04-22T09:31:14.063+05:30  INFO 16168 --- [ibm-clinic-eureka-server] [Thread-9] c.n.e.r.PeerAwareInstanceRegistryImpl    : Got 1 instances from neighboring DS node
2024-04-22T09:31:14.066+05:30  INFO 16168 --- [ibm-clinic-eureka-server] [Thread-9] c.n.e.r.PeerAwareInstanceRegistryImpl    : Renew threshold is: 1
2024-04-22T09:31:14.068+05:30  INFO 16168 --- [ibm-clinic-eureka-server] [Thread-9] c.n.e.r.PeerAwareInstanceRegistryImpl    : Changing status to UP
2024-04-22T09:31:14.087+05:30  INFO 16168 --- [ibm-clinic-eureka-server] [Thread-9] e.s.EurekaServerInitializerConfiguration : Started Eureka Server
2024-04-22T09:31:14.112+05:30  INFO 16168 --- [ibm-clinic-eureka-server] [main] o.s.b.w.embedded.tomcat.TomcatWebServer  : Tomcat started on port 8761 (http) with context path ''
2024-04-22T09:31:14.114+05:30  INFO 16168 --- [ibm-clinic-eureka-server] [main] .s.c.n.e.s.EurekaAutoServiceRegistration : Updating port to 8761
2024-04-22T09:31:14.228+05:30  INFO 16168 --- [ibm-clinic-eureka-server] [main] com.ibm.server.App                       : Started App in 8.105 seconds (process running for 9.424)
2024-04-22T09:31:14.245+05:30  INFO 16168 --- [ibm-clinic-eureka-server] [main] com.ibm.server.App                       : Started.
2024-04-22T09:31:16.398+05:30  INFO 16168 --- [ibm-clinic-eureka-server] [SpringApplicationShutdownHook] o.s.c.n.e.s.EurekaServiceRegistry        : Unregistering application IBM-CLINIC-EUREKA-SERVER with eureka with status DOWN
2024-04-22T09:31:16.416+05:30  INFO 16168 --- [ibm-clinic-eureka-server] [SpringApplicationShutdownHook] o.s.c.n.e.server.EurekaServerBootstrap   : Shutting down Eureka Server..
2024-04-22T09:31:16.420+05:30  INFO 16168 --- [ibm-clinic-eureka-server] [SpringApplicationShutdownHook] c.n.eureka.DefaultEurekaServerContext    : Shutting down ...
2024-04-22T09:31:16.432+05:30  INFO 16168 --- [ibm-clinic-eureka-server] [SpringApplicationShutdownHook] c.n.eureka.DefaultEurekaServerContext    : Shut down
2024-04-22T09:31:16.434+05:30  INFO 16168 --- [ibm-clinic-eureka-server] [SpringApplicationShutdownHook] o.s.c.n.e.server.EurekaServerBootstrap   : Eureka Service is now shutdown...
2024-04-22T09:31:16.436+05:30  INFO 16168 --- [ibm-clinic-eureka-server] [SpringApplicationShutdownHook] c.n.eureka.DefaultEurekaServerContext    : Shutting down ...
2024-04-22T09:31:16.427+05:30 ERROR 16168 --- [ibm-clinic-eureka-server] [Eureka-Jersey3Client-Conn-Cleaner2] c.n.d.s.t.j.EurekaJersey3ClientImpl      : Cannot clean connections

java.lang.IllegalStateException: Client instance has been closed.
	at org.glassfish.jersey.internal.guava.Preconditions.checkState(Preconditions.java:169) ~[jersey-common-3.1.5.jar!/:na]
	at org.glassfish.jersey.client.JerseyClient.checkNotClosed(JerseyClient.java:248) ~[jersey-client-3.1.5.jar!/:na]
	at org.glassfish.jersey.client.JerseyClient.getConfiguration(JerseyClient.java:363) ~[jersey-client-3.1.5.jar!/:na]
	at org.glassfish.jersey.client.JerseyClient.getConfiguration(JerseyClient.java:54) ~[jersey-client-3.1.5.jar!/:na]
	at com.netflix.discovery.shared.transport.jersey3.EurekaJersey3ClientImpl$ConnectionCleanerTask.run(EurekaJersey3ClientImpl.java:347) ~[eureka-client-jersey3-2.0.1.jar!/:2.0.1]
	at java.base/java.util.concurrent.Executors$RunnableAdapter.call(Executors.java:539) ~[na:na]
	at java.base/java.util.concurrent.FutureTask.run(FutureTask.java:264) ~[na:na]
	at java.base/java.util.concurrent.ScheduledThreadPoolExecutor$ScheduledFutureTask.run(ScheduledThreadPoolExecutor.java:304) ~[na:na]
	at java.base/java.util.concurrent.ThreadPoolExecutor.runWorker(ThreadPoolExecutor.java:1136) ~[na:na]
	at java.base/java.util.concurrent.ThreadPoolExecutor$Worker.run(ThreadPoolExecutor.java:635) ~[na:na]
	at java.base/java.lang.Thread.run(Thread.java:833) ~[na:na]

2024-04-22T09:31:16.441+05:30  INFO 16168 --- [ibm-clinic-eureka-server] [SpringApplicationShutdownHook] c.n.eureka.DefaultEurekaServerContext    : Shut down
2024-04-22T09:31:16.445+05:30  INFO 16168 --- [ibm-clinic-eureka-server] [SpringApplicationShutdownHook] com.netflix.discovery.DiscoveryClient    : Shutting down DiscoveryClient ...
2024-04-22T09:31:16.447+05:30  INFO 16168 --- [ibm-clinic-eureka-server] [SpringApplicationShutdownHook] com.netflix.discovery.DiscoveryClient    : Completed shut down of DiscoveryClient
2024-04-22T09:31:22.005+05:30  INFO 2352 --- [ibm-clinic-eureka-server] [main] com.ibm.server.App                       : Starting App v0.0.1-SNAPSHOT using Java 17.0.6 with PID 2352 (D:\VamanPro\Codes\ibm-3-apr-2024\sts-ibm-ws\clinic-management-apps\final-executable-jars\00-eureka-server.jar started by DELL in D:\VamanPro\Codes\ibm-3-apr-2024\sts-ibm-ws\clinic-management-apps\final-executable-jars)
2024-04-22T09:31:22.010+05:30  INFO 2352 --- [ibm-clinic-eureka-server] [main] com.ibm.server.App                       : No active profile set, falling back to 1 default profile: "default"
2024-04-22T09:31:23.783+05:30  INFO 2352 --- [ibm-clinic-eureka-server] [main] o.s.cloud.context.scope.GenericScope     : BeanFactory id=c3010f8d-7b88-35b5-a245-5e4478e3376a
2024-04-22T09:31:23.841+05:30  WARN 2352 --- [ibm-clinic-eureka-server] [main] trationDelegate$BeanPostProcessorChecker : Bean 'org.springframework.cloud.client.loadbalancer.LoadBalancerAutoConfiguration$LoadBalancerInterceptorConfig' of type [org.springframework.cloud.client.loadbalancer.LoadBalancerAutoConfiguration$LoadBalancerInterceptorConfig] is not eligible for getting processed by all BeanPostProcessors (for example: not eligible for auto-proxying). The currently created BeanPostProcessor [lbRestClientPostProcessor] is declared through a non-static factory method on that class; consider declaring it as static instead.
2024-04-22T09:31:23.844+05:30  WARN 2352 --- [ibm-clinic-eureka-server] [main] trationDelegate$BeanPostProcessorChecker : Bean 'org.springframework.cloud.loadbalancer.config.BlockingLoadBalancerClientAutoConfiguration' of type [org.springframework.cloud.loadbalancer.config.BlockingLoadBalancerClientAutoConfiguration] is not eligible for getting processed by all BeanPostProcessors (for example: not eligible for auto-proxying). Is this bean getting eagerly injected into a currently created BeanPostProcessor [lbRestClientPostProcessor]? Check the corresponding BeanPostProcessor declaration and its dependencies.
2024-04-22T09:31:23.848+05:30  WARN 2352 --- [ibm-clinic-eureka-server] [main] trationDelegate$BeanPostProcessorChecker : Bean 'org.springframework.cloud.loadbalancer.config.LoadBalancerAutoConfiguration' of type [org.springframework.cloud.loadbalancer.config.LoadBalancerAutoConfiguration] is not eligible for getting processed by all BeanPostProcessors (for example: not eligible for auto-proxying). Is this bean getting eagerly injected into a currently created BeanPostProcessor [lbRestClientPostProcessor]? Check the corresponding BeanPostProcessor declaration and its dependencies.
2024-04-22T09:31:23.864+05:30  WARN 2352 --- [ibm-clinic-eureka-server] [main] trationDelegate$BeanPostProcessorChecker : Bean 'org.springframework.cloud.commons.config.CommonsConfigAutoConfiguration' of type [org.springframework.cloud.commons.config.CommonsConfigAutoConfiguration] is not eligible for getting processed by all BeanPostProcessors (for example: not eligible for auto-proxying). Is this bean getting eagerly injected into a currently created BeanPostProcessor [lbRestClientPostProcessor]? Check the corresponding BeanPostProcessor declaration and its dependencies.
2024-04-22T09:31:23.868+05:30  WARN 2352 --- [ibm-clinic-eureka-server] [main] trationDelegate$BeanPostProcessorChecker : Bean 'org.springframework.cloud.client.loadbalancer.LoadBalancerDefaultMappingsProviderAutoConfiguration' of type [org.springframework.cloud.client.loadbalancer.LoadBalancerDefaultMappingsProviderAutoConfiguration] is not eligible for getting processed by all BeanPostProcessors (for example: not eligible for auto-proxying). Is this bean getting eagerly injected into a currently created BeanPostProcessor [lbRestClientPostProcessor]? Check the corresponding BeanPostProcessor declaration and its dependencies.
2024-04-22T09:31:23.870+05:30  WARN 2352 --- [ibm-clinic-eureka-server] [main] trationDelegate$BeanPostProcessorChecker : Bean 'loadBalancerClientsDefaultsMappingsProvider' of type [org.springframework.cloud.client.loadbalancer.LoadBalancerDefaultMappingsProviderAutoConfiguration$$Lambda$470/0x0000000800f10c00] is not eligible for getting processed by all BeanPostProcessors (for example: not eligible for auto-proxying). Is this bean getting eagerly injected into a currently created BeanPostProcessor [lbRestClientPostProcessor]? Check the corresponding BeanPostProcessor declaration and its dependencies.
2024-04-22T09:31:23.873+05:30  WARN 2352 --- [ibm-clinic-eureka-server] [main] trationDelegate$BeanPostProcessorChecker : Bean 'defaultsBindHandlerAdvisor' of type [org.springframework.cloud.commons.config.DefaultsBindHandlerAdvisor] is not eligible for getting processed by all BeanPostProcessors (for example: not eligible for auto-proxying). Is this bean getting eagerly injected into a currently created BeanPostProcessor [lbRestClientPostProcessor]? Check the corresponding BeanPostProcessor declaration and its dependencies.
2024-04-22T09:31:23.882+05:30  WARN 2352 --- [ibm-clinic-eureka-server] [main] trationDelegate$BeanPostProcessorChecker : Bean 'spring.cloud.loadbalancer-org.springframework.cloud.client.loadbalancer.LoadBalancerClientsProperties' of type [org.springframework.cloud.client.loadbalancer.LoadBalancerClientsProperties] is not eligible for getting processed by all BeanPostProcessors (for example: not eligible for auto-proxying). Is this bean getting eagerly injected into a currently created BeanPostProcessor [lbRestClientPostProcessor]? Check the corresponding BeanPostProcessor declaration and its dependencies.
2024-04-22T09:31:23.893+05:30  WARN 2352 --- [ibm-clinic-eureka-server] [main] trationDelegate$BeanPostProcessorChecker : Bean 'default.org.springframework.cloud.loadbalancer.config.LoadBalancerAutoConfiguration.LoadBalancerClientSpecification' of type [org.springframework.cloud.loadbalancer.annotation.LoadBalancerClientSpecification] is not eligible for getting processed by all BeanPostProcessors (for example: not eligible for auto-proxying). Is this bean getting eagerly injected into a currently created BeanPostProcessor [lbRestClientPostProcessor]? Check the corresponding BeanPostProcessor declaration and its dependencies.
2024-04-22T09:31:23.896+05:30  WARN 2352 --- [ibm-clinic-eureka-server] [main] trationDelegate$BeanPostProcessorChecker : Bean 'default.org.springframework.cloud.loadbalancer.config.BlockingLoadBalancerClientAutoConfiguration.LoadBalancerClientSpecification' of type [org.springframework.cloud.loadbalancer.annotation.LoadBalancerClientSpecification] is not eligible for getting processed by all BeanPostProcessors (for example: not eligible for auto-proxying). Is this bean getting eagerly injected into a currently created BeanPostProcessor [lbRestClientPostProcessor]? Check the corresponding BeanPostProcessor declaration and its dependencies.
2024-04-22T09:31:23.897+05:30  WARN 2352 --- [ibm-clinic-eureka-server] [main] trationDelegate$BeanPostProcessorChecker : Bean 'default.org.springframework.cloud.netflix.eureka.loadbalancer.LoadBalancerEurekaAutoConfiguration.LoadBalancerClientSpecification' of type [org.springframework.cloud.loadbalancer.annotation.LoadBalancerClientSpecification] is not eligible for getting processed by all BeanPostProcessors (for example: not eligible for auto-proxying). Is this bean getting eagerly injected into a currently created BeanPostProcessor [lbRestClientPostProcessor]? Check the corresponding BeanPostProcessor declaration and its dependencies.
2024-04-22T09:31:23.902+05:30  WARN 2352 --- [ibm-clinic-eureka-server] [main] trationDelegate$BeanPostProcessorChecker : Bean 'loadBalancerClientFactory' of type [org.springframework.cloud.loadbalancer.support.LoadBalancerClientFactory] is not eligible for getting processed by all BeanPostProcessors (for example: not eligible for auto-proxying). Is this bean getting eagerly injected into a currently created BeanPostProcessor [lbRestClientPostProcessor]? Check the corresponding BeanPostProcessor declaration and its dependencies.
2024-04-22T09:31:23.907+05:30  WARN 2352 --- [ibm-clinic-eureka-server] [main] trationDelegate$BeanPostProcessorChecker : Bean 'blockingLoadBalancerClient' of type [org.springframework.cloud.loadbalancer.blocking.client.BlockingLoadBalancerClient] is not eligible for getting processed by all BeanPostProcessors (for example: not eligible for auto-proxying). Is this bean getting eagerly injected into a currently created BeanPostProcessor [lbRestClientPostProcessor]? Check the corresponding BeanPostProcessor declaration and its dependencies.
2024-04-22T09:31:23.918+05:30  WARN 2352 --- [ibm-clinic-eureka-server] [main] trationDelegate$BeanPostProcessorChecker : Bean 'loadBalancerServiceInstanceCookieTransformer' of type [org.springframework.cloud.loadbalancer.core.LoadBalancerServiceInstanceCookieTransformer] is not eligible for getting processed by all BeanPostProcessors (for example: not eligible for auto-proxying). Is this bean getting eagerly injected into a currently created BeanPostProcessor [lbRestClientPostProcessor]? Check the corresponding BeanPostProcessor declaration and its dependencies.
2024-04-22T09:31:23.920+05:30  WARN 2352 --- [ibm-clinic-eureka-server] [main] trationDelegate$BeanPostProcessorChecker : Bean 'xForwarderHeadersTransformer' of type [org.springframework.cloud.loadbalancer.blocking.XForwardedHeadersTransformer] is not eligible for getting processed by all BeanPostProcessors (for example: not eligible for auto-proxying). Is this bean getting eagerly injected into a currently created BeanPostProcessor [lbRestClientPostProcessor]? Check the corresponding BeanPostProcessor declaration and its dependencies.
2024-04-22T09:31:23.921+05:30  WARN 2352 --- [ibm-clinic-eureka-server] [main] trationDelegate$BeanPostProcessorChecker : Bean 'org.springframework.cloud.client.loadbalancer.LoadBalancerAutoConfiguration' of type [org.springframework.cloud.client.loadbalancer.LoadBalancerAutoConfiguration] is not eligible for getting processed by all BeanPostProcessors (for example: not eligible for auto-proxying). Is this bean getting eagerly injected into a currently created BeanPostProcessor [lbRestClientPostProcessor]? Check the corresponding BeanPostProcessor declaration and its dependencies.
2024-04-22T09:31:23.923+05:30  WARN 2352 --- [ibm-clinic-eureka-server] [main] trationDelegate$BeanPostProcessorChecker : Bean 'loadBalancerRequestFactory' of type [org.springframework.cloud.client.loadbalancer.LoadBalancerRequestFactory] is not eligible for getting processed by all BeanPostProcessors (for example: not eligible for auto-proxying). Is this bean getting eagerly injected into a currently created BeanPostProcessor [lbRestClientPostProcessor]? Check the corresponding BeanPostProcessor declaration and its dependencies.
2024-04-22T09:31:23.926+05:30  WARN 2352 --- [ibm-clinic-eureka-server] [main] trationDelegate$BeanPostProcessorChecker : Bean 'loadBalancerInterceptor' of type [org.springframework.cloud.client.loadbalancer.LoadBalancerInterceptor] is not eligible for getting processed by all BeanPostProcessors (for example: not eligible for auto-proxying). Is this bean getting eagerly injected into a currently created BeanPostProcessor [lbRestClientPostProcessor]? Check the corresponding BeanPostProcessor declaration and its dependencies.
2024-04-22T09:31:24.286+05:30  INFO 2352 --- [ibm-clinic-eureka-server] [main] o.s.b.w.embedded.tomcat.TomcatWebServer  : Tomcat initialized with port 8761 (http)
2024-04-22T09:31:24.294+05:30  INFO 2352 --- [ibm-clinic-eureka-server] [main] o.apache.catalina.core.StandardService   : Starting service [Tomcat]
2024-04-22T09:31:24.296+05:30  INFO 2352 --- [ibm-clinic-eureka-server] [main] o.apache.catalina.core.StandardEngine    : Starting Servlet engine: [Apache Tomcat/10.1.19]
2024-04-22T09:31:24.340+05:30  INFO 2352 --- [ibm-clinic-eureka-server] [main] o.a.c.c.C.[Tomcat].[localhost].[/]       : Initializing Spring embedded WebApplicationContext
2024-04-22T09:31:24.341+05:30  INFO 2352 --- [ibm-clinic-eureka-server] [main] w.s.c.ServletWebServerApplicationContext : Root WebApplicationContext: initialization completed in 2096 ms
2024-04-22T09:31:25.783+05:30  INFO 2352 --- [ibm-clinic-eureka-server] [main] c.n.d.provider.DiscoveryJerseyProvider   : Using JSON encoding codec LegacyJacksonJson
2024-04-22T09:31:25.784+05:30  INFO 2352 --- [ibm-clinic-eureka-server] [main] c.n.d.provider.DiscoveryJerseyProvider   : Using JSON decoding codec LegacyJacksonJson
2024-04-22T09:31:25.977+05:30  INFO 2352 --- [ibm-clinic-eureka-server] [main] c.n.d.provider.DiscoveryJerseyProvider   : Using XML encoding codec XStreamXml
2024-04-22T09:31:25.978+05:30  INFO 2352 --- [ibm-clinic-eureka-server] [main] c.n.d.provider.DiscoveryJerseyProvider   : Using XML decoding codec XStreamXml
2024-04-22T09:31:27.476+05:30  WARN 2352 --- [ibm-clinic-eureka-server] [main] iguration$LoadBalancerCaffeineWarnLogger : Spring Cloud LoadBalancer is currently working with the default cache. While this cache implementation is useful for development and tests, it's recommended to use Caffeine cache in production.You can switch to using Caffeine cache, by adding it and org.springframework.cache.caffeine.CaffeineCacheManager to the classpath.
2024-04-22T09:31:27.511+05:30  INFO 2352 --- [ibm-clinic-eureka-server] [main] o.s.c.n.eureka.InstanceInfoFactory       : Setting initial instance status as: STARTING
2024-04-22T09:31:27.567+05:30  INFO 2352 --- [ibm-clinic-eureka-server] [main] com.netflix.discovery.DiscoveryClient    : Initializing Eureka in region us-east-1
2024-04-22T09:31:27.568+05:30  INFO 2352 --- [ibm-clinic-eureka-server] [main] com.netflix.discovery.DiscoveryClient    : Client configured to neither register nor query for data.
2024-04-22T09:31:27.587+05:30  INFO 2352 --- [ibm-clinic-eureka-server] [main] com.netflix.discovery.DiscoveryClient    : Discovery Client initialized at timestamp 1713758487585 with initial instances count: 0
2024-04-22T09:31:27.677+05:30  INFO 2352 --- [ibm-clinic-eureka-server] [main] c.n.eureka.DefaultEurekaServerContext    : Initializing ...
2024-04-22T09:31:27.681+05:30  INFO 2352 --- [ibm-clinic-eureka-server] [main] c.n.eureka.cluster.PeerEurekaNodes       : Adding new peer nodes [http://localhost:8761/eureka/]
2024-04-22T09:31:27.832+05:30  INFO 2352 --- [ibm-clinic-eureka-server] [main] c.n.d.provider.DiscoveryJerseyProvider   : Using JSON encoding codec LegacyJacksonJson
2024-04-22T09:31:27.833+05:30  INFO 2352 --- [ibm-clinic-eureka-server] [main] c.n.d.provider.DiscoveryJerseyProvider   : Using JSON decoding codec LegacyJacksonJson
2024-04-22T09:31:27.833+05:30  INFO 2352 --- [ibm-clinic-eureka-server] [main] c.n.d.provider.DiscoveryJerseyProvider   : Using XML encoding codec XStreamXml
2024-04-22T09:31:27.833+05:30  INFO 2352 --- [ibm-clinic-eureka-server] [main] c.n.d.provider.DiscoveryJerseyProvider   : Using XML decoding codec XStreamXml
2024-04-22T09:31:27.933+05:30  INFO 2352 --- [ibm-clinic-eureka-server] [main] c.n.eureka.cluster.PeerEurekaNodes       : Replica node URL:  http://localhost:8761/eureka/
2024-04-22T09:31:27.943+05:30  INFO 2352 --- [ibm-clinic-eureka-server] [main] c.n.e.registry.AbstractInstanceRegistry  : Finished initializing remote region registries. All known remote regions: []
2024-04-22T09:31:27.944+05:30  INFO 2352 --- [ibm-clinic-eureka-server] [main] c.n.eureka.DefaultEurekaServerContext    : Initialized
2024-04-22T09:31:27.971+05:30  INFO 2352 --- [ibm-clinic-eureka-server] [main] o.s.b.a.e.web.EndpointLinksResolver      : Exposing 1 endpoint(s) beneath base path '/actuator'
2024-04-22T09:31:28.052+05:30  INFO 2352 --- [ibm-clinic-eureka-server] [main] o.s.c.n.e.s.EurekaServiceRegistry        : Registering application IBM-CLINIC-EUREKA-SERVER with eureka with status UP
2024-04-22T09:31:28.084+05:30  INFO 2352 --- [ibm-clinic-eureka-server] [Thread-9] o.s.c.n.e.server.EurekaServerBootstrap   : isAws returned false
2024-04-22T09:31:28.087+05:30  INFO 2352 --- [ibm-clinic-eureka-server] [Thread-9] o.s.c.n.e.server.EurekaServerBootstrap   : Initialized server context
2024-04-22T09:31:28.087+05:30  INFO 2352 --- [ibm-clinic-eureka-server] [Thread-9] c.n.e.r.PeerAwareInstanceRegistryImpl    : Got 1 instances from neighboring DS node
2024-04-22T09:31:28.088+05:30  INFO 2352 --- [ibm-clinic-eureka-server] [Thread-9] c.n.e.r.PeerAwareInstanceRegistryImpl    : Renew threshold is: 1
2024-04-22T09:31:28.088+05:30  INFO 2352 --- [ibm-clinic-eureka-server] [Thread-9] c.n.e.r.PeerAwareInstanceRegistryImpl    : Changing status to UP
2024-04-22T09:31:28.093+05:30  INFO 2352 --- [ibm-clinic-eureka-server] [Thread-9] e.s.EurekaServerInitializerConfiguration : Started Eureka Server
2024-04-22T09:31:28.100+05:30  INFO 2352 --- [ibm-clinic-eureka-server] [main] o.s.b.w.embedded.tomcat.TomcatWebServer  : Tomcat started on port 8761 (http) with context path ''
2024-04-22T09:31:28.103+05:30  INFO 2352 --- [ibm-clinic-eureka-server] [main] .s.c.n.e.s.EurekaAutoServiceRegistration : Updating port to 8761
2024-04-22T09:31:28.222+05:30  INFO 2352 --- [ibm-clinic-eureka-server] [main] com.ibm.server.App                       : Started App in 7.209 seconds (process running for 7.982)
2024-04-22T09:31:28.236+05:30  INFO 2352 --- [ibm-clinic-eureka-server] [main] com.ibm.server.App                       : Started.
2024-04-22T09:31:38.266+05:30  INFO 2352 --- [ibm-clinic-eureka-server] [http-nio-8761-exec-1] o.a.c.c.C.[Tomcat].[localhost].[/]       : Initializing Spring DispatcherServlet 'dispatcherServlet'
2024-04-22T09:31:38.268+05:30  INFO 2352 --- [ibm-clinic-eureka-server] [http-nio-8761-exec-1] o.s.web.servlet.DispatcherServlet        : Initializing Servlet 'dispatcherServlet'
2024-04-22T09:31:38.274+05:30  INFO 2352 --- [ibm-clinic-eureka-server] [http-nio-8761-exec-1] o.s.web.servlet.DispatcherServlet        : Completed initialization in 2 ms
2024-04-22T09:31:39.312+05:30  INFO 2352 --- [ibm-clinic-eureka-server] [http-nio-8761-exec-2] c.n.e.registry.AbstractInstanceRegistry  : Registered instance IBM-CLINIC-API-GATEWAY/9.239.237.128:ibm-clinic-api-gateway:9001 with status UP (replication=false)
2024-04-22T09:31:40.159+05:30  INFO 2352 --- [ibm-clinic-eureka-server] [http-nio-8761-exec-3] c.n.e.registry.AbstractInstanceRegistry  : Registered instance IBM-CLINIC-API-GATEWAY/9.239.237.128:ibm-clinic-api-gateway:9001 with status UP (replication=true)
2024-04-22T09:31:48.680+05:30  INFO 2352 --- [ibm-clinic-eureka-server] [http-nio-8761-exec-5] c.n.e.registry.AbstractInstanceRegistry  : Registered instance IBM-DOCTOR-SERVICE/9.239.237.128:ibm-doctor-service:9003 with status UP (replication=false)
2024-04-22T09:31:49.191+05:30  INFO 2352 --- [ibm-clinic-eureka-server] [http-nio-8761-exec-6] c.n.e.registry.AbstractInstanceRegistry  : Registered instance IBM-DOCTOR-SERVICE/9.239.237.128:ibm-doctor-service:9003 with status UP (replication=true)
2024-04-22T09:31:56.614+05:30  INFO 2352 --- [ibm-clinic-eureka-server] [http-nio-8761-exec-8] c.n.e.registry.AbstractInstanceRegistry  : Registered instance IBM-PATIENT-SERVICE/9.239.237.128:ibm-patient-service:9004 with status UP (replication=false)
2024-04-22T09:31:57.125+05:30  INFO 2352 --- [ibm-clinic-eureka-server] [http-nio-8761-exec-9] c.n.e.registry.AbstractInstanceRegistry  : Registered instance IBM-PATIENT-SERVICE/9.239.237.128:ibm-patient-service:9004 with status UP (replication=true)
2024-04-22T09:32:28.097+05:30  INFO 2352 --- [ibm-clinic-eureka-server] [Eureka-EvictionTimer] c.n.e.registry.AbstractInstanceRegistry  : Running the evict task with compensationTime 0ms
2024-04-22T09:33:28.098+05:30  INFO 2352 --- [ibm-clinic-eureka-server] [Eureka-EvictionTimer] c.n.e.registry.AbstractInstanceRegistry  : Running the evict task with compensationTime 0ms
2024-04-22T09:34:28.098+05:30  INFO 2352 --- [ibm-clinic-eureka-server] [Eureka-EvictionTimer] c.n.e.registry.AbstractInstanceRegistry  : Running the evict task with compensationTime 0ms
2024-04-22T09:35:28.099+05:30  INFO 2352 --- [ibm-clinic-eureka-server] [Eureka-EvictionTimer] c.n.e.registry.AbstractInstanceRegistry  : Running the evict task with compensationTime 0ms
2024-04-22T09:36:28.111+05:30  INFO 2352 --- [ibm-clinic-eureka-server] [Eureka-EvictionTimer] c.n.e.registry.AbstractInstanceRegistry  : Running the evict task with compensationTime 12ms
2024-04-22T09:37:28.112+05:30  INFO 2352 --- [ibm-clinic-eureka-server] [Eureka-EvictionTimer] c.n.e.registry.AbstractInstanceRegistry  : Running the evict task with compensationTime 0ms
2024-04-22T09:38:28.113+05:30  INFO 2352 --- [ibm-clinic-eureka-server] [Eureka-EvictionTimer] c.n.e.registry.AbstractInstanceRegistry  : Running the evict task with compensationTime 1ms
2024-04-22T09:39:28.113+05:30  INFO 2352 --- [ibm-clinic-eureka-server] [Eureka-EvictionTimer] c.n.e.registry.AbstractInstanceRegistry  : Running the evict task with compensationTime 0ms
2024-04-22T09:40:28.122+05:30  INFO 2352 --- [ibm-clinic-eureka-server] [Eureka-EvictionTimer] c.n.e.registry.AbstractInstanceRegistry  : Running the evict task with compensationTime 9ms
2024-04-22T09:41:28.136+05:30  INFO 2352 --- [ibm-clinic-eureka-server] [Eureka-EvictionTimer] c.n.e.registry.AbstractInstanceRegistry  : Running the evict task with compensationTime 13ms
2024-04-22T09:42:28.138+05:30  INFO 2352 --- [ibm-clinic-eureka-server] [Eureka-EvictionTimer] c.n.e.registry.AbstractInstanceRegistry  : Running the evict task with compensationTime 2ms
2024-04-22T09:43:28.139+05:30  INFO 2352 --- [ibm-clinic-eureka-server] [Eureka-EvictionTimer] c.n.e.registry.AbstractInstanceRegistry  : Running the evict task with compensationTime 0ms
2024-04-22T09:44:28.150+05:30  INFO 2352 --- [ibm-clinic-eureka-server] [Eureka-EvictionTimer] c.n.e.registry.AbstractInstanceRegistry  : Running the evict task with compensationTime 10ms
2024-04-22T09:45:28.151+05:30  INFO 2352 --- [ibm-clinic-eureka-server] [Eureka-EvictionTimer] c.n.e.registry.AbstractInstanceRegistry  : Running the evict task with compensationTime 1ms
2024-04-22T09:46:27.948+05:30  INFO 2352 --- [ibm-clinic-eureka-server] [ReplicaAwareInstanceRegistry - RenewalThresholdUpdater] c.n.e.r.PeerAwareInstanceRegistryImpl    : Current renewal threshold is : 6
2024-04-22T09:46:28.164+05:30  INFO 2352 --- [ibm-clinic-eureka-server] [Eureka-EvictionTimer] c.n.e.registry.AbstractInstanceRegistry  : Running the evict task with compensationTime 13ms
2024-04-22T09:47:28.165+05:30  INFO 2352 --- [ibm-clinic-eureka-server] [Eureka-EvictionTimer] c.n.e.registry.AbstractInstanceRegistry  : Running the evict task with compensationTime 0ms
2024-04-22T09:48:12.821+05:30  INFO 2352 --- [ibm-clinic-eureka-server] [http-nio-8761-exec-6] c.n.e.registry.AbstractInstanceRegistry  : Registered instance IBM-PATIENT-SERVICE/9.239.237.128:ibm-patient-service:9004 with status DOWN (replication=false)
2024-04-22T09:48:13.337+05:30  INFO 2352 --- [ibm-clinic-eureka-server] [http-nio-8761-exec-10] c.n.e.registry.AbstractInstanceRegistry  : Registered instance IBM-PATIENT-SERVICE/9.239.237.128:ibm-patient-service:9004 with status DOWN (replication=true)
2024-04-22T09:48:15.869+05:30  INFO 2352 --- [ibm-clinic-eureka-server] [http-nio-8761-exec-2] c.n.e.registry.AbstractInstanceRegistry  : Cancelled instance IBM-PATIENT-SERVICE/9.239.237.128:ibm-patient-service:9004 (replication=false)
2024-04-22T09:48:16.378+05:30  WARN 2352 --- [ibm-clinic-eureka-server] [http-nio-8761-exec-3] c.n.e.registry.AbstractInstanceRegistry  : DS: Registry: cancel failed because Lease is not registered for: IBM-PATIENT-SERVICE/9.239.237.128:ibm-patient-service:9004
2024-04-22T09:48:16.378+05:30  INFO 2352 --- [ibm-clinic-eureka-server] [http-nio-8761-exec-3] c.n.eureka.resources.InstanceResource    : Not Found (Cancel): IBM-PATIENT-SERVICE - 9.239.237.128:ibm-patient-service:9004
2024-04-22T09:48:16.383+05:30  WARN 2352 --- [ibm-clinic-eureka-server] [TaskBatchingWorker-target_localhost-7] c.n.eureka.cluster.ReplicationTask       : The replication of task IBM-PATIENT-SERVICE/9.239.237.128:ibm-patient-service:9004:Cancel@localhost failed with response code 404
2024-04-22T09:48:16.384+05:30  WARN 2352 --- [ibm-clinic-eureka-server] [TaskBatchingWorker-target_localhost-7] c.netflix.eureka.cluster.PeerEurekaNode  : IBM-PATIENT-SERVICE/9.239.237.128:ibm-patient-service:9004:Cancel@localhost: missing entry.
2024-04-22T09:48:19.320+05:30  INFO 2352 --- [ibm-clinic-eureka-server] [http-nio-8761-exec-9] c.n.e.registry.AbstractInstanceRegistry  : Registered instance IBM-DOCTOR-SERVICE/9.239.237.128:ibm-doctor-service:9003 with status DOWN (replication=false)
2024-04-22T09:48:19.661+05:30  INFO 2352 --- [ibm-clinic-eureka-server] [http-nio-8761-exec-7] c.n.e.registry.AbstractInstanceRegistry  : Registered instance IBM-DOCTOR-SERVICE/9.239.237.128:ibm-doctor-service:9003 with status DOWN (replication=true)
2024-04-22T09:48:19.665+05:30  WARN 2352 --- [ibm-clinic-eureka-server] [TaskBatchingWorker-target_localhost-4] c.n.eureka.cluster.ReplicationTask       : The replication of task IBM-DOCTOR-SERVICE/9.239.237.128:ibm-doctor-service:9003:Heartbeat@localhost failed with response code 409
2024-04-22T09:48:19.665+05:30  WARN 2352 --- [ibm-clinic-eureka-server] [TaskBatchingWorker-target_localhost-4] c.netflix.eureka.cluster.PeerEurekaNode  : Peer wants us to take the instance information from it, since the timestamp differs,Id : 9.239.237.128:ibm-doctor-service:9003 My Timestamp : 1713758508556, Peer's timestamp: 1713759499312
2024-04-22T09:48:19.670+05:30  INFO 2352 --- [ibm-clinic-eureka-server] [TaskBatchingWorker-target_localhost-4] c.n.e.registry.AbstractInstanceRegistry  : Registered instance IBM-DOCTOR-SERVICE/9.239.237.128:ibm-doctor-service:9003 with status DOWN (replication=true)
2024-04-22T09:48:22.358+05:30  INFO 2352 --- [ibm-clinic-eureka-server] [http-nio-8761-exec-6] c.n.e.registry.AbstractInstanceRegistry  : Cancelled instance IBM-DOCTOR-SERVICE/9.239.237.128:ibm-doctor-service:9003 (replication=false)
2024-04-22T09:48:22.870+05:30  WARN 2352 --- [ibm-clinic-eureka-server] [http-nio-8761-exec-5] c.n.e.registry.AbstractInstanceRegistry  : DS: Registry: cancel failed because Lease is not registered for: IBM-DOCTOR-SERVICE/9.239.237.128:ibm-doctor-service:9003
2024-04-22T09:48:22.870+05:30  INFO 2352 --- [ibm-clinic-eureka-server] [http-nio-8761-exec-5] c.n.eureka.resources.InstanceResource    : Not Found (Cancel): IBM-DOCTOR-SERVICE - 9.239.237.128:ibm-doctor-service:9003
2024-04-22T09:48:22.873+05:30  WARN 2352 --- [ibm-clinic-eureka-server] [TaskBatchingWorker-target_localhost-2] c.n.eureka.cluster.ReplicationTask       : The replication of task IBM-DOCTOR-SERVICE/9.239.237.128:ibm-doctor-service:9003:Cancel@localhost failed with response code 404
2024-04-22T09:48:22.874+05:30  WARN 2352 --- [ibm-clinic-eureka-server] [TaskBatchingWorker-target_localhost-2] c.netflix.eureka.cluster.PeerEurekaNode  : IBM-DOCTOR-SERVICE/9.239.237.128:ibm-doctor-service:9003:Cancel@localhost: missing entry.
2024-04-22T09:48:23.017+05:30  INFO 2352 --- [ibm-clinic-eureka-server] [http-nio-8761-exec-1] c.n.e.registry.AbstractInstanceRegistry  : Registered instance IBM-CLINIC-API-GATEWAY/9.239.237.128:ibm-clinic-api-gateway:9001 with status DOWN (replication=false)
2024-04-22T09:48:23.535+05:30  INFO 2352 --- [ibm-clinic-eureka-server] [http-nio-8761-exec-3] c.n.e.registry.AbstractInstanceRegistry  : Registered instance IBM-CLINIC-API-GATEWAY/9.239.237.128:ibm-clinic-api-gateway:9001 with status DOWN (replication=true)
2024-04-22T09:48:26.151+05:30  INFO 2352 --- [ibm-clinic-eureka-server] [SpringApplicationShutdownHook] o.s.c.n.e.s.EurekaServiceRegistry        : Unregistering application IBM-CLINIC-EUREKA-SERVER with eureka with status DOWN
2024-04-22T09:48:26.181+05:30  INFO 2352 --- [ibm-clinic-eureka-server] [SpringApplicationShutdownHook] o.s.c.n.e.server.EurekaServerBootstrap   : Shutting down Eureka Server..
2024-04-22T09:48:26.190+05:30  INFO 2352 --- [ibm-clinic-eureka-server] [SpringApplicationShutdownHook] c.n.eureka.DefaultEurekaServerContext    : Shutting down ...
2024-04-22T09:48:26.192+05:30  INFO 2352 --- [ibm-clinic-eureka-server] [SpringApplicationShutdownHook] com.netflix.servo.monitor.StatsMonitor   : Attempting to get the value for an expired monitor: eurekaServer.replication.batchSize.Will start computing stats again.
2024-04-22T09:48:26.197+05:30  INFO 2352 --- [ibm-clinic-eureka-server] [SpringApplicationShutdownHook] com.netflix.servo.monitor.StatsMonitor   : Attempting to get the value for an expired monitor: eurekaServer.replication.executionTime.Will start computing stats again.
2024-04-22T09:48:26.198+05:30  INFO 2352 --- [ibm-clinic-eureka-server] [SpringApplicationShutdownHook] com.netflix.servo.monitor.StatsMonitor   : Attempting to get the value for an expired monitor: eurekaServer.replication.executionTime.Will start computing stats again.
2024-04-22T09:48:26.199+05:30  INFO 2352 --- [ibm-clinic-eureka-server] [SpringApplicationShutdownHook] com.netflix.servo.monitor.StatsMonitor   : Attempting to get the value for an expired monitor: eurekaServer.replication.batchSize.Will start computing stats again.
2024-04-22T09:48:26.201+05:30 ERROR 2352 --- [ibm-clinic-eureka-server] [Eureka-Jersey3Client-Conn-Cleaner2] c.n.d.s.t.j.EurekaJersey3ClientImpl      : Cannot clean connections

java.lang.IllegalStateException: Client instance has been closed.
	at org.glassfish.jersey.internal.guava.Preconditions.checkState(Preconditions.java:169) ~[jersey-common-3.1.5.jar!/:na]
	at org.glassfish.jersey.client.JerseyClient.checkNotClosed(JerseyClient.java:248) ~[jersey-client-3.1.5.jar!/:na]
	at org.glassfish.jersey.client.JerseyClient.getConfiguration(JerseyClient.java:363) ~[jersey-client-3.1.5.jar!/:na]
	at org.glassfish.jersey.client.JerseyClient.getConfiguration(JerseyClient.java:54) ~[jersey-client-3.1.5.jar!/:na]
	at com.netflix.discovery.shared.transport.jersey3.EurekaJersey3ClientImpl$ConnectionCleanerTask.run(EurekaJersey3ClientImpl.java:347) ~[eureka-client-jersey3-2.0.1.jar!/:2.0.1]
	at java.base/java.util.concurrent.Executors$RunnableAdapter.call(Executors.java:539) ~[na:na]
	at java.base/java.util.concurrent.FutureTask.run(FutureTask.java:264) ~[na:na]
	at java.base/java.util.concurrent.ScheduledThreadPoolExecutor$ScheduledFutureTask.run(ScheduledThreadPoolExecutor.java:304) ~[na:na]
	at java.base/java.util.concurrent.ThreadPoolExecutor.runWorker(ThreadPoolExecutor.java:1136) ~[na:na]
	at java.base/java.util.concurrent.ThreadPoolExecutor$Worker.run(ThreadPoolExecutor.java:635) ~[na:na]
	at java.base/java.lang.Thread.run(Thread.java:833) ~[na:na]

2024-04-22T09:48:26.208+05:30  INFO 2352 --- [ibm-clinic-eureka-server] [SpringApplicationShutdownHook] c.n.eureka.DefaultEurekaServerContext    : Shut down
2024-04-22T09:48:26.210+05:30  INFO 2352 --- [ibm-clinic-eureka-server] [SpringApplicationShutdownHook] o.s.c.n.e.server.EurekaServerBootstrap   : Eureka Service is now shutdown...
2024-04-22T09:48:26.212+05:30  INFO 2352 --- [ibm-clinic-eureka-server] [SpringApplicationShutdownHook] c.n.eureka.DefaultEurekaServerContext    : Shutting down ...
2024-04-22T09:48:26.215+05:30  INFO 2352 --- [ibm-clinic-eureka-server] [SpringApplicationShutdownHook] c.n.eureka.DefaultEurekaServerContext    : Shut down
2024-04-22T09:48:26.221+05:30  INFO 2352 --- [ibm-clinic-eureka-server] [SpringApplicationShutdownHook] com.netflix.discovery.DiscoveryClient    : Shutting down DiscoveryClient ...
2024-04-22T09:48:26.222+05:30  INFO 2352 --- [ibm-clinic-eureka-server] [SpringApplicationShutdownHook] com.netflix.discovery.DiscoveryClient    : Completed shut down of DiscoveryClient
