2024-04-21T19:54:25.767+05:30  INFO 2456 --- [ibm-clinic-eureka-server] [main] com.ibm.server.AppTests                  : Starting AppTests using Java 17.0.10 with PID 2456 (started by DELL in D:\VamanPro\Codes\ibm-3-apr-2024\sts-ibm-ws\clinic-management-apps\ibm-clinic-eureka-server)
2024-04-21T19:54:25.787+05:30  INFO 2456 --- [ibm-clinic-eureka-server] [main] com.ibm.server.AppTests                  : No active profile set, falling back to 1 default profile: "default"
2024-04-21T19:54:28.570+05:30  INFO 2456 --- [ibm-clinic-eureka-server] [main] o.s.cloud.context.scope.GenericScope     : BeanFactory id=ec068aac-3451-33a1-a8ed-287af6cb9669
2024-04-21T19:54:28.747+05:30  WARN 2456 --- [ibm-clinic-eureka-server] [main] trationDelegate$BeanPostProcessorChecker : Bean 'org.springframework.cloud.client.loadbalancer.LoadBalancerAutoConfiguration$LoadBalancerInterceptorConfig' of type [org.springframework.cloud.client.loadbalancer.LoadBalancerAutoConfiguration$LoadBalancerInterceptorConfig] is not eligible for getting processed by all BeanPostProcessors (for example: not eligible for auto-proxying). The currently created BeanPostProcessor [lbRestClientPostProcessor] is declared through a non-static factory method on that class; consider declaring it as static instead.
2024-04-21T19:54:28.754+05:30  WARN 2456 --- [ibm-clinic-eureka-server] [main] trationDelegate$BeanPostProcessorChecker : Bean 'org.springframework.cloud.loadbalancer.config.BlockingLoadBalancerClientAutoConfiguration' of type [org.springframework.cloud.loadbalancer.config.BlockingLoadBalancerClientAutoConfiguration] is not eligible for getting processed by all BeanPostProcessors (for example: not eligible for auto-proxying). Is this bean getting eagerly injected into a currently created BeanPostProcessor [lbRestClientPostProcessor]? Check the corresponding BeanPostProcessor declaration and its dependencies.
2024-04-21T19:54:28.756+05:30  WARN 2456 --- [ibm-clinic-eureka-server] [main] trationDelegate$BeanPostProcessorChecker : Bean 'org.springframework.cloud.loadbalancer.config.LoadBalancerAutoConfiguration' of type [org.springframework.cloud.loadbalancer.config.LoadBalancerAutoConfiguration] is not eligible for getting processed by all BeanPostProcessors (for example: not eligible for auto-proxying). Is this bean getting eagerly injected into a currently created BeanPostProcessor [lbRestClientPostProcessor]? Check the corresponding BeanPostProcessor declaration and its dependencies.
2024-04-21T19:54:28.770+05:30  WARN 2456 --- [ibm-clinic-eureka-server] [main] trationDelegate$BeanPostProcessorChecker : Bean 'org.springframework.cloud.commons.config.CommonsConfigAutoConfiguration' of type [org.springframework.cloud.commons.config.CommonsConfigAutoConfiguration] is not eligible for getting processed by all BeanPostProcessors (for example: not eligible for auto-proxying). Is this bean getting eagerly injected into a currently created BeanPostProcessor [lbRestClientPostProcessor]? Check the corresponding BeanPostProcessor declaration and its dependencies.
2024-04-21T19:54:28.774+05:30  WARN 2456 --- [ibm-clinic-eureka-server] [main] trationDelegate$BeanPostProcessorChecker : Bean 'org.springframework.cloud.client.loadbalancer.LoadBalancerDefaultMappingsProviderAutoConfiguration' of type [org.springframework.cloud.client.loadbalancer.LoadBalancerDefaultMappingsProviderAutoConfiguration] is not eligible for getting processed by all BeanPostProcessors (for example: not eligible for auto-proxying). Is this bean getting eagerly injected into a currently created BeanPostProcessor [lbRestClientPostProcessor]? Check the corresponding BeanPostProcessor declaration and its dependencies.
2024-04-21T19:54:28.776+05:30  WARN 2456 --- [ibm-clinic-eureka-server] [main] trationDelegate$BeanPostProcessorChecker : Bean 'loadBalancerClientsDefaultsMappingsProvider' of type [org.springframework.cloud.client.loadbalancer.LoadBalancerDefaultMappingsProviderAutoConfiguration$$Lambda$829/0x00000008004acb70] is not eligible for getting processed by all BeanPostProcessors (for example: not eligible for auto-proxying). Is this bean getting eagerly injected into a currently created BeanPostProcessor [lbRestClientPostProcessor]? Check the corresponding BeanPostProcessor declaration and its dependencies.
2024-04-21T19:54:28.778+05:30  WARN 2456 --- [ibm-clinic-eureka-server] [main] trationDelegate$BeanPostProcessorChecker : Bean 'defaultsBindHandlerAdvisor' of type [org.springframework.cloud.commons.config.DefaultsBindHandlerAdvisor] is not eligible for getting processed by all BeanPostProcessors (for example: not eligible for auto-proxying). Is this bean getting eagerly injected into a currently created BeanPostProcessor [lbRestClientPostProcessor]? Check the corresponding BeanPostProcessor declaration and its dependencies.
2024-04-21T19:54:28.788+05:30  WARN 2456 --- [ibm-clinic-eureka-server] [main] trationDelegate$BeanPostProcessorChecker : Bean 'spring.cloud.loadbalancer-org.springframework.cloud.client.loadbalancer.LoadBalancerClientsProperties' of type [org.springframework.cloud.client.loadbalancer.LoadBalancerClientsProperties] is not eligible for getting processed by all BeanPostProcessors (for example: not eligible for auto-proxying). Is this bean getting eagerly injected into a currently created BeanPostProcessor [lbRestClientPostProcessor]? Check the corresponding BeanPostProcessor declaration and its dependencies.
2024-04-21T19:54:28.802+05:30  WARN 2456 --- [ibm-clinic-eureka-server] [main] trationDelegate$BeanPostProcessorChecker : Bean 'default.org.springframework.cloud.loadbalancer.config.LoadBalancerAutoConfiguration.LoadBalancerClientSpecification' of type [org.springframework.cloud.loadbalancer.annotation.LoadBalancerClientSpecification] is not eligible for getting processed by all BeanPostProcessors (for example: not eligible for auto-proxying). Is this bean getting eagerly injected into a currently created BeanPostProcessor [lbRestClientPostProcessor]? Check the corresponding BeanPostProcessor declaration and its dependencies.
2024-04-21T19:54:28.804+05:30  WARN 2456 --- [ibm-clinic-eureka-server] [main] trationDelegate$BeanPostProcessorChecker : Bean 'default.org.springframework.cloud.loadbalancer.config.BlockingLoadBalancerClientAutoConfiguration.LoadBalancerClientSpecification' of type [org.springframework.cloud.loadbalancer.annotation.LoadBalancerClientSpecification] is not eligible for getting processed by all BeanPostProcessors (for example: not eligible for auto-proxying). Is this bean getting eagerly injected into a currently created BeanPostProcessor [lbRestClientPostProcessor]? Check the corresponding BeanPostProcessor declaration and its dependencies.
2024-04-21T19:54:28.806+05:30  WARN 2456 --- [ibm-clinic-eureka-server] [main] trationDelegate$BeanPostProcessorChecker : Bean 'default.org.springframework.cloud.netflix.eureka.loadbalancer.LoadBalancerEurekaAutoConfiguration.LoadBalancerClientSpecification' of type [org.springframework.cloud.loadbalancer.annotation.LoadBalancerClientSpecification] is not eligible for getting processed by all BeanPostProcessors (for example: not eligible for auto-proxying). Is this bean getting eagerly injected into a currently created BeanPostProcessor [lbRestClientPostProcessor]? Check the corresponding BeanPostProcessor declaration and its dependencies.
2024-04-21T19:54:28.810+05:30  WARN 2456 --- [ibm-clinic-eureka-server] [main] trationDelegate$BeanPostProcessorChecker : Bean 'loadBalancerClientFactory' of type [org.springframework.cloud.loadbalancer.support.LoadBalancerClientFactory] is not eligible for getting processed by all BeanPostProcessors (for example: not eligible for auto-proxying). Is this bean getting eagerly injected into a currently created BeanPostProcessor [lbRestClientPostProcessor]? Check the corresponding BeanPostProcessor declaration and its dependencies.
2024-04-21T19:54:28.822+05:30  WARN 2456 --- [ibm-clinic-eureka-server] [main] trationDelegate$BeanPostProcessorChecker : Bean 'blockingLoadBalancerClient' of type [org.springframework.cloud.loadbalancer.blocking.client.BlockingLoadBalancerClient] is not eligible for getting processed by all BeanPostProcessors (for example: not eligible for auto-proxying). Is this bean getting eagerly injected into a currently created BeanPostProcessor [lbRestClientPostProcessor]? Check the corresponding BeanPostProcessor declaration and its dependencies.
2024-04-21T19:54:28.836+05:30  WARN 2456 --- [ibm-clinic-eureka-server] [main] trationDelegate$BeanPostProcessorChecker : Bean 'loadBalancerServiceInstanceCookieTransformer' of type [org.springframework.cloud.loadbalancer.core.LoadBalancerServiceInstanceCookieTransformer] is not eligible for getting processed by all BeanPostProcessors (for example: not eligible for auto-proxying). Is this bean getting eagerly injected into a currently created BeanPostProcessor [lbRestClientPostProcessor]? Check the corresponding BeanPostProcessor declaration and its dependencies.
2024-04-21T19:54:28.840+05:30  WARN 2456 --- [ibm-clinic-eureka-server] [main] trationDelegate$BeanPostProcessorChecker : Bean 'xForwarderHeadersTransformer' of type [org.springframework.cloud.loadbalancer.blocking.XForwardedHeadersTransformer] is not eligible for getting processed by all BeanPostProcessors (for example: not eligible for auto-proxying). Is this bean getting eagerly injected into a currently created BeanPostProcessor [lbRestClientPostProcessor]? Check the corresponding BeanPostProcessor declaration and its dependencies.
2024-04-21T19:54:28.842+05:30  WARN 2456 --- [ibm-clinic-eureka-server] [main] trationDelegate$BeanPostProcessorChecker : Bean 'org.springframework.cloud.client.loadbalancer.LoadBalancerAutoConfiguration' of type [org.springframework.cloud.client.loadbalancer.LoadBalancerAutoConfiguration] is not eligible for getting processed by all BeanPostProcessors (for example: not eligible for auto-proxying). Is this bean getting eagerly injected into a currently created BeanPostProcessor [lbRestClientPostProcessor]? Check the corresponding BeanPostProcessor declaration and its dependencies.
2024-04-21T19:54:28.845+05:30  WARN 2456 --- [ibm-clinic-eureka-server] [main] trationDelegate$BeanPostProcessorChecker : Bean 'loadBalancerRequestFactory' of type [org.springframework.cloud.client.loadbalancer.LoadBalancerRequestFactory] is not eligible for getting processed by all BeanPostProcessors (for example: not eligible for auto-proxying). Is this bean getting eagerly injected into a currently created BeanPostProcessor [lbRestClientPostProcessor]? Check the corresponding BeanPostProcessor declaration and its dependencies.
2024-04-21T19:54:28.846+05:30  WARN 2456 --- [ibm-clinic-eureka-server] [main] trationDelegate$BeanPostProcessorChecker : Bean 'loadBalancerInterceptor' of type [org.springframework.cloud.client.loadbalancer.LoadBalancerInterceptor] is not eligible for getting processed by all BeanPostProcessors (for example: not eligible for auto-proxying). Is this bean getting eagerly injected into a currently created BeanPostProcessor [lbRestClientPostProcessor]? Check the corresponding BeanPostProcessor declaration and its dependencies.
2024-04-21T19:54:32.113+05:30  WARN 2456 --- [ibm-clinic-eureka-server] [main] iguration$LoadBalancerCaffeineWarnLogger : Spring Cloud LoadBalancer is currently working with the default cache. While this cache implementation is useful for development and tests, it's recommended to use Caffeine cache in production.You can switch to using Caffeine cache, by adding it and org.springframework.cache.caffeine.CaffeineCacheManager to the classpath.
2024-04-21T19:54:32.707+05:30  INFO 2456 --- [ibm-clinic-eureka-server] [main] o.s.c.n.eureka.InstanceInfoFactory       : Setting initial instance status as: STARTING
2024-04-21T19:54:32.809+05:30  INFO 2456 --- [ibm-clinic-eureka-server] [main] com.netflix.discovery.DiscoveryClient    : Initializing Eureka in region us-east-1
2024-04-21T19:54:32.813+05:30  INFO 2456 --- [ibm-clinic-eureka-server] [main] com.netflix.discovery.DiscoveryClient    : Client configured to neither register nor query for data.
2024-04-21T19:54:32.832+05:30  INFO 2456 --- [ibm-clinic-eureka-server] [main] com.netflix.discovery.DiscoveryClient    : Discovery Client initialized at timestamp 1713709472830 with initial instances count: 0
2024-04-21T19:54:32.982+05:30  INFO 2456 --- [ibm-clinic-eureka-server] [main] c.n.eureka.DefaultEurekaServerContext    : Initializing ...
2024-04-21T19:54:32.987+05:30  INFO 2456 --- [ibm-clinic-eureka-server] [main] c.n.eureka.cluster.PeerEurekaNodes       : Adding new peer nodes [http://localhost:8761/eureka/]
2024-04-21T19:54:33.565+05:30  INFO 2456 --- [ibm-clinic-eureka-server] [main] c.n.d.provider.DiscoveryJerseyProvider   : Using JSON encoding codec LegacyJacksonJson
2024-04-21T19:54:33.566+05:30  INFO 2456 --- [ibm-clinic-eureka-server] [main] c.n.d.provider.DiscoveryJerseyProvider   : Using JSON decoding codec LegacyJacksonJson
2024-04-21T19:54:33.566+05:30  INFO 2456 --- [ibm-clinic-eureka-server] [main] c.n.d.provider.DiscoveryJerseyProvider   : Using XML encoding codec XStreamXml
2024-04-21T19:54:33.566+05:30  INFO 2456 --- [ibm-clinic-eureka-server] [main] c.n.d.provider.DiscoveryJerseyProvider   : Using XML decoding codec XStreamXml
2024-04-21T19:54:33.955+05:30  INFO 2456 --- [ibm-clinic-eureka-server] [main] c.n.eureka.cluster.PeerEurekaNodes       : Replica node URL:  http://localhost:8761/eureka/
2024-04-21T19:54:33.987+05:30  INFO 2456 --- [ibm-clinic-eureka-server] [main] c.n.e.registry.AbstractInstanceRegistry  : Finished initializing remote region registries. All known remote regions: []
2024-04-21T19:54:33.989+05:30  INFO 2456 --- [ibm-clinic-eureka-server] [main] c.n.eureka.DefaultEurekaServerContext    : Initialized
2024-04-21T19:54:34.184+05:30  INFO 2456 --- [ibm-clinic-eureka-server] [main] o.s.b.a.e.web.EndpointLinksResolver      : Exposing 1 endpoint(s) beneath base path '/actuator'
2024-04-21T19:54:34.334+05:30  INFO 2456 --- [ibm-clinic-eureka-server] [main] o.s.c.n.e.s.EurekaServiceRegistry        : Registering application IBM-CLINIC-EUREKA-SERVER with eureka with status UP
2024-04-21T19:54:34.374+05:30  INFO 2456 --- [ibm-clinic-eureka-server] [main] com.ibm.server.AppTests                  : Started AppTests in 9.468 seconds (process running for 11.533)
2024-04-21T19:54:34.394+05:30  INFO 2456 --- [ibm-clinic-eureka-server] [Thread-11] o.s.c.n.e.server.EurekaServerBootstrap   : isAws returned false
2024-04-21T19:54:34.396+05:30  INFO 2456 --- [ibm-clinic-eureka-server] [Thread-11] o.s.c.n.e.server.EurekaServerBootstrap   : Initialized server context
2024-04-21T19:54:34.396+05:30  INFO 2456 --- [ibm-clinic-eureka-server] [Thread-11] c.n.e.r.PeerAwareInstanceRegistryImpl    : Got 1 instances from neighboring DS node
2024-04-21T19:54:34.396+05:30  INFO 2456 --- [ibm-clinic-eureka-server] [Thread-11] c.n.e.r.PeerAwareInstanceRegistryImpl    : Renew threshold is: 1
2024-04-21T19:54:34.397+05:30  INFO 2456 --- [ibm-clinic-eureka-server] [Thread-11] c.n.e.r.PeerAwareInstanceRegistryImpl    : Changing status to UP
2024-04-21T19:54:34.436+05:30  INFO 2456 --- [ibm-clinic-eureka-server] [Thread-11] e.s.EurekaServerInitializerConfiguration : Started Eureka Server
2024-04-21T19:54:37.017+05:30  INFO 2456 --- [ibm-clinic-eureka-server] [SpringApplicationShutdownHook] o.s.c.n.e.s.EurekaServiceRegistry        : Unregistering application IBM-CLINIC-EUREKA-SERVER with eureka with status DOWN
2024-04-21T19:54:37.029+05:30  INFO 2456 --- [ibm-clinic-eureka-server] [SpringApplicationShutdownHook] o.s.c.n.e.server.EurekaServerBootstrap   : Shutting down Eureka Server..
2024-04-21T19:54:37.040+05:30  INFO 2456 --- [ibm-clinic-eureka-server] [SpringApplicationShutdownHook] c.n.eureka.DefaultEurekaServerContext    : Shutting down ...
2024-04-21T19:54:37.062+05:30  INFO 2456 --- [ibm-clinic-eureka-server] [SpringApplicationShutdownHook] c.n.eureka.DefaultEurekaServerContext    : Shut down
2024-04-21T19:54:37.063+05:30  INFO 2456 --- [ibm-clinic-eureka-server] [SpringApplicationShutdownHook] o.s.c.n.e.server.EurekaServerBootstrap   : Eureka Service is now shutdown...
2024-04-21T19:54:37.064+05:30  INFO 2456 --- [ibm-clinic-eureka-server] [SpringApplicationShutdownHook] c.n.eureka.DefaultEurekaServerContext    : Shutting down ...
2024-04-21T19:54:37.054+05:30 ERROR 2456 --- [ibm-clinic-eureka-server] [Eureka-Jersey3Client-Conn-Cleaner2] c.n.d.s.t.j.EurekaJersey3ClientImpl      : Cannot clean connections

java.lang.IllegalStateException: Client instance has been closed.
	at org.glassfish.jersey.internal.guava.Preconditions.checkState(Preconditions.java:169) ~[jersey-common-3.1.5.jar:na]
	at org.glassfish.jersey.client.JerseyClient.checkNotClosed(JerseyClient.java:248) ~[jersey-client-3.1.5.jar:na]
	at org.glassfish.jersey.client.JerseyClient.getConfiguration(JerseyClient.java:363) ~[jersey-client-3.1.5.jar:na]
	at org.glassfish.jersey.client.JerseyClient.getConfiguration(JerseyClient.java:54) ~[jersey-client-3.1.5.jar:na]
	at com.netflix.discovery.shared.transport.jersey3.EurekaJersey3ClientImpl$ConnectionCleanerTask.run(EurekaJersey3ClientImpl.java:347) ~[eureka-client-jersey3-2.0.1.jar:2.0.1]
	at java.base/java.util.concurrent.Executors$RunnableAdapter.call(Executors.java:539) ~[na:na]
	at java.base/java.util.concurrent.FutureTask.run(FutureTask.java:264) ~[na:na]
	at java.base/java.util.concurrent.ScheduledThreadPoolExecutor$ScheduledFutureTask.run(ScheduledThreadPoolExecutor.java:304) ~[na:na]
	at java.base/java.util.concurrent.ThreadPoolExecutor.runWorker(ThreadPoolExecutor.java:1136) ~[na:na]
	at java.base/java.util.concurrent.ThreadPoolExecutor$Worker.run(ThreadPoolExecutor.java:635) ~[na:na]
	at java.base/java.lang.Thread.run(Thread.java:840) ~[na:na]

2024-04-21T19:54:37.072+05:30  INFO 2456 --- [ibm-clinic-eureka-server] [SpringApplicationShutdownHook] c.n.eureka.DefaultEurekaServerContext    : Shut down
2024-04-21T19:54:37.079+05:30  INFO 2456 --- [ibm-clinic-eureka-server] [SpringApplicationShutdownHook] com.netflix.discovery.DiscoveryClient    : Shutting down DiscoveryClient ...
2024-04-21T19:54:37.081+05:30  INFO 2456 --- [ibm-clinic-eureka-server] [SpringApplicationShutdownHook] com.netflix.discovery.DiscoveryClient    : Completed shut down of DiscoveryClient
